[28-Feb-2014 09:06:21 UTC] PHP Notice:  Use of undefined constant PROJECTS_FOLDER - assumed 'PROJECTS_FOLDER' in C:\SeleniumTests\SeleniumShell\core\bootstrap.php on line 32
[28-Feb-2014 09:06:21 UTC] PHP Notice:  Use of undefined constant PROJECTS_FOLDER - assumed 'PROJECTS_FOLDER' in C:\SeleniumTests\SeleniumShell\core\bootstrap.php on line 32
[28-Feb-2014 09:06:21 UTC] PHP Warning:  parse_ini_file(C:\SeleniumTests\projects\nbproject\config\project.ini): failed to open stream: No such file or directory in C:\SeleniumTests\SeleniumShell\core\src\handlers\ConfigHandler.php on line 46
[28-Feb-2014 09:06:21 UTC] PHP Warning:  scandir(C:\SeleniumTests\projects\nbproject\testsuits,C:\SeleniumTests\projects\nbproject\testsuits): The system cannot find the file specified. (code: 2) in C:\SeleniumTests\SeleniumShell\core\utils\FileScanners\FileScanner.php on line 19
[28-Feb-2014 09:06:21 UTC] PHP Warning:  scandir(C:\SeleniumTests\projects\nbproject\testsuits): failed to open dir: No such file or directory in C:\SeleniumTests\SeleniumShell\core\utils\FileScanners\FileScanner.php on line 19
[28-Feb-2014 09:06:21 UTC] PHP Warning:  scandir(): (errno 2): No such file or directory in C:\SeleniumTests\SeleniumShell\core\utils\FileScanners\FileScanner.php on line 19
[28-Feb-2014 09:06:21 UTC] PHP Warning:  array_key_exists() expects parameter 2 to be array, boolean given in C:\SeleniumTests\SeleniumShell\core\src\handlers\ConfigHandler.php on line 56
[28-Feb-2014 09:06:21 UTC] PHP Warning:  Invalid argument supplied for foreach() in C:\SeleniumTests\SeleniumShell\core\utils\FileIncluders\TestFileIncluder.php on line 23
[28-Feb-2014 09:06:21 UTC] PHP Notice:  Undefined index: browserName in C:\php\pear\PHPUnit\Extensions\Selenium2TestCase.php on line 394
[28-Feb-2014 09:07:30 UTC] PHP Notice:  Use of undefined constant PROJECTS_FOLDER - assumed 'PROJECTS_FOLDER' in C:\SeleniumTests\SeleniumShell\core\bootstrap.php on line 32
[28-Feb-2014 09:07:30 UTC] PHP Notice:  Use of undefined constant PROJECTS_FOLDER - assumed 'PROJECTS_FOLDER' in C:\SeleniumTests\SeleniumShell\core\bootstrap.php on line 32
[28-Feb-2014 09:07:30 UTC] PHP Parse error:  syntax error, unexpected ',', expecting '{' in C:\SeleniumTests\SeleniumShell\core\generated\testsuits\eLeads\eLeadsfirefox,chrome,iexploreEleadsAdministratorTest.php on line 5
[28-Feb-2014 09:07:40 UTC] PHP Notice:  Use of undefined constant PROJECTS_FOLDER - assumed 'PROJECTS_FOLDER' in C:\SeleniumTests\SeleniumShell\core\bootstrap.php on line 32
[28-Feb-2014 09:07:40 UTC] PHP Notice:  Use of undefined constant PROJECTS_FOLDER - assumed 'PROJECTS_FOLDER' in C:\SeleniumTests\SeleniumShell\core\bootstrap.php on line 32
[28-Feb-2014 09:07:40 UTC] PHP Parse error:  syntax error, unexpected ',', expecting '{' in C:\SeleniumTests\SeleniumShell\core\generated\testsuits\eLeads\eLeadsfirefox,chrome,iexploreEleadsAdministratorTest.php on line 5
[28-Feb-2014 09:08:37 UTC] PHP Notice:  Use of undefined constant PROJECTS_FOLDER - assumed 'PROJECTS_FOLDER' in C:\SeleniumTests\SeleniumShell\core\bootstrap.php on line 32
[28-Feb-2014 09:08:37 UTC] PHP Notice:  Use of undefined constant PROJECTS_FOLDER - assumed 'PROJECTS_FOLDER' in C:\SeleniumTests\SeleniumShell\core\bootstrap.php on line 32
[28-Feb-2014 09:08:38 UTC] PHP Parse error:  syntax error, unexpected ',', expecting '{' in C:\SeleniumTests\SeleniumShell\core\generated\testsuits\eLeads\eLeadsfirefox,EleadsAdministratorTest.php on line 5
[28-Feb-2014 09:08:45 UTC] PHP Notice:  Use of undefined constant PROJECTS_FOLDER - assumed 'PROJECTS_FOLDER' in C:\SeleniumTests\SeleniumShell\core\bootstrap.php on line 32
[28-Feb-2014 09:08:45 UTC] PHP Notice:  Use of undefined constant PROJECTS_FOLDER - assumed 'PROJECTS_FOLDER' in C:\SeleniumTests\SeleniumShell\core\bootstrap.php on line 32
[28-Feb-2014 09:08:45 UTC] PHP Warning:  parse_ini_file(C:\SeleniumTests\projects\nbproject\config\project.ini): failed to open stream: No such file or directory in C:\SeleniumTests\SeleniumShell\core\src\handlers\ConfigHandler.php on line 46
[28-Feb-2014 09:08:45 UTC] PHP Warning:  scandir(C:\SeleniumTests\projects\nbproject\testsuits,C:\SeleniumTests\projects\nbproject\testsuits): The system cannot find the file specified. (code: 2) in C:\SeleniumTests\SeleniumShell\core\utils\FileScanners\FileScanner.php on line 19
[28-Feb-2014 09:08:45 UTC] PHP Warning:  scandir(C:\SeleniumTests\projects\nbproject\testsuits): failed to open dir: No such file or directory in C:\SeleniumTests\SeleniumShell\core\utils\FileScanners\FileScanner.php on line 19
[28-Feb-2014 09:08:45 UTC] PHP Warning:  scandir(): (errno 2): No such file or directory in C:\SeleniumTests\SeleniumShell\core\utils\FileScanners\FileScanner.php on line 19
[28-Feb-2014 09:08:45 UTC] PHP Warning:  array_key_exists() expects parameter 2 to be array, boolean given in C:\SeleniumTests\SeleniumShell\core\src\handlers\ConfigHandler.php on line 56
[28-Feb-2014 09:08:45 UTC] PHP Warning:  Invalid argument supplied for foreach() in C:\SeleniumTests\SeleniumShell\core\utils\FileIncluders\TestFileIncluder.php on line 23
[28-Feb-2014 09:08:45 UTC] PHP Notice:  Undefined index: browserName in C:\php\pear\PHPUnit\Extensions\Selenium2TestCase.php on line 394
[28-Feb-2014 09:08:45 UTC] PHP Notice:  Undefined index: browserName in C:\php\pear\PHPUnit\Extensions\Selenium2TestCase.php on line 394
[28-Feb-2014 09:08:45 UTC] PHP Notice:  Undefined index: browserName in C:\php\pear\PHPUnit\Extensions\Selenium2TestCase.php on line 394
[28-Feb-2014 09:16:26 UTC] PHP Notice:  Use of undefined constant PROJECTS_FOLDER - assumed 'PROJECTS_FOLDER' in C:\SeleniumTests\SeleniumShell\core\bootstrap.php on line 32
[28-Feb-2014 09:16:26 UTC] PHP Notice:  Use of undefined constant PROJECTS_FOLDER - assumed 'PROJECTS_FOLDER' in C:\SeleniumTests\SeleniumShell\core\bootstrap.php on line 32
[28-Feb-2014 09:16:27 UTC] PHP Parse error:  syntax error, unexpected 'EleadsAdministratorTest' (T_STRING), expecting '{' in C:\SeleniumTests\SeleniumShell\core\generated\testsuits\eLeads\eLeadsiexplore3 EleadsAdministratorTest.php on line 5
[28-Feb-2014 09:16:32 UTC] PHP Notice:  Use of undefined constant PROJECTS_FOLDER - assumed 'PROJECTS_FOLDER' in C:\SeleniumTests\SeleniumShell\core\bootstrap.php on line 32
[28-Feb-2014 09:16:32 UTC] PHP Notice:  Use of undefined constant PROJECTS_FOLDER - assumed 'PROJECTS_FOLDER' in C:\SeleniumTests\SeleniumShell\core\bootstrap.php on line 32
[28-Feb-2014 09:16:32 UTC] PHP Warning:  parse_ini_file(C:\SeleniumTests\projects\nbproject\config\project.ini): failed to open stream: No such file or directory in C:\SeleniumTests\SeleniumShell\core\src\handlers\ConfigHandler.php on line 46
[28-Feb-2014 09:16:32 UTC] PHP Warning:  scandir(C:\SeleniumTests\projects\nbproject\testsuits,C:\SeleniumTests\projects\nbproject\testsuits): The system cannot find the file specified. (code: 2) in C:\SeleniumTests\SeleniumShell\core\utils\FileScanners\FileScanner.php on line 19
[28-Feb-2014 09:16:32 UTC] PHP Warning:  scandir(C:\SeleniumTests\projects\nbproject\testsuits): failed to open dir: No such file or directory in C:\SeleniumTests\SeleniumShell\core\utils\FileScanners\FileScanner.php on line 19
[28-Feb-2014 09:16:32 UTC] PHP Warning:  scandir(): (errno 2): No such file or directory in C:\SeleniumTests\SeleniumShell\core\utils\FileScanners\FileScanner.php on line 19
[28-Feb-2014 09:16:32 UTC] PHP Warning:  array_key_exists() expects parameter 2 to be array, boolean given in C:\SeleniumTests\SeleniumShell\core\src\handlers\ConfigHandler.php on line 56
[28-Feb-2014 09:16:32 UTC] PHP Warning:  Invalid argument supplied for foreach() in C:\SeleniumTests\SeleniumShell\core\utils\FileIncluders\TestFileIncluder.php on line 23
[28-Feb-2014 09:16:32 UTC] PHP Notice:  Undefined index: browserName in C:\php\pear\PHPUnit\Extensions\Selenium2TestCase.php on line 394
[28-Feb-2014 09:16:32 UTC] PHP Notice:  Undefined index: browserName in C:\php\pear\PHPUnit\Extensions\Selenium2TestCase.php on line 394
[28-Feb-2014 09:16:32 UTC] PHP Notice:  Undefined index: browserName in C:\php\pear\PHPUnit\Extensions\Selenium2TestCase.php on line 394
[28-Feb-2014 09:17:18 UTC] PHP Notice:  Use of undefined constant PROJECTS_FOLDER - assumed 'PROJECTS_FOLDER' in C:\SeleniumTests\SeleniumShell\core\bootstrap.php on line 32
[28-Feb-2014 09:17:18 UTC] PHP Notice:  Use of undefined constant PROJECTS_FOLDER - assumed 'PROJECTS_FOLDER' in C:\SeleniumTests\SeleniumShell\core\bootstrap.php on line 32
[28-Feb-2014 09:17:18 UTC] PHP Warning:  parse_ini_file(C:\SeleniumTests\projects\nbproject\config\project.ini): failed to open stream: No such file or directory in C:\SeleniumTests\SeleniumShell\core\src\handlers\ConfigHandler.php on line 46
[28-Feb-2014 09:17:18 UTC] PHP Warning:  scandir(C:\SeleniumTests\projects\nbproject\testsuits,C:\SeleniumTests\projects\nbproject\testsuits): The system cannot find the file specified. (code: 2) in C:\SeleniumTests\SeleniumShell\core\utils\FileScanners\FileScanner.php on line 19
[28-Feb-2014 09:17:18 UTC] PHP Warning:  scandir(C:\SeleniumTests\projects\nbproject\testsuits): failed to open dir: No such file or directory in C:\SeleniumTests\SeleniumShell\core\utils\FileScanners\FileScanner.php on line 19
[28-Feb-2014 09:17:18 UTC] PHP Warning:  scandir(): (errno 2): No such file or directory in C:\SeleniumTests\SeleniumShell\core\utils\FileScanners\FileScanner.php on line 19
[28-Feb-2014 09:17:18 UTC] PHP Warning:  array_key_exists() expects parameter 2 to be array, boolean given in C:\SeleniumTests\SeleniumShell\core\src\handlers\ConfigHandler.php on line 56
[28-Feb-2014 09:17:18 UTC] PHP Warning:  Invalid argument supplied for foreach() in C:\SeleniumTests\SeleniumShell\core\utils\FileIncluders\TestFileIncluder.php on line 23
[28-Feb-2014 09:17:18 UTC] PHP Notice:  Undefined index: browserName in C:\php\pear\PHPUnit\Extensions\Selenium2TestCase.php on line 394
[28-Feb-2014 09:21:07 UTC] PHP Fatal error:  Class 'PHPUnitParameterReader' not found in C:\SeleniumTests\SeleniumShell\core\src\handlers\ConfigHandler.php on line 29
[28-Feb-2014 09:22:12 UTC] PHP Notice:  Use of undefined constant PROJECTS_FOLDER - assumed 'PROJECTS_FOLDER' in C:\SeleniumTests\SeleniumShell\core\bootstrap.php on line 33
[28-Feb-2014 09:22:13 UTC] PHP Warning:  parse_ini_file(C:\SeleniumTests\projects\nbproject\config\project.ini): failed to open stream: No such file or directory in C:\SeleniumTests\SeleniumShell\core\src\handlers\ConfigHandler.php on line 46
[28-Feb-2014 09:22:13 UTC] PHP Warning:  scandir(C:\SeleniumTests\projects\nbproject\testsuits,C:\SeleniumTests\projects\nbproject\testsuits): The system cannot find the file specified. (code: 2) in C:\SeleniumTests\SeleniumShell\core\utils\FileScanners\FileScanner.php on line 19
[28-Feb-2014 09:22:13 UTC] PHP Warning:  scandir(C:\SeleniumTests\projects\nbproject\testsuits): failed to open dir: No such file or directory in C:\SeleniumTests\SeleniumShell\core\utils\FileScanners\FileScanner.php on line 19
[28-Feb-2014 09:22:13 UTC] PHP Warning:  scandir(): (errno 2): No such file or directory in C:\SeleniumTests\SeleniumShell\core\utils\FileScanners\FileScanner.php on line 19
[28-Feb-2014 09:22:13 UTC] PHP Warning:  array_key_exists() expects parameter 2 to be array, boolean given in C:\SeleniumTests\SeleniumShell\core\src\handlers\ConfigHandler.php on line 56
[28-Feb-2014 09:22:13 UTC] PHP Warning:  Invalid argument supplied for foreach() in C:\SeleniumTests\SeleniumShell\core\utils\FileIncluders\TestFileIncluder.php on line 23
[28-Feb-2014 09:22:13 UTC] PHP Notice:  Undefined index: browserName in C:\php\pear\PHPUnit\Extensions\Selenium2TestCase.php on line 394
[28-Feb-2014 09:22:23 UTC] PHP Notice:  Use of undefined constant PROJECTS_FOLDER - assumed 'PROJECTS_FOLDER' in C:\SeleniumTests\SeleniumShell\core\bootstrap.php on line 33
[28-Feb-2014 09:22:23 UTC] PHP Warning:  require_once(\Autoload.php): failed to open stream: No such file or directory in C:\SeleniumTests\SeleniumShell\core\bootstrap.php on line 103
[28-Feb-2014 09:22:23 UTC] PHP Fatal error:  require_once(): Failed opening required '\Autoload.php' (include_path='.;C:\php\pear') in C:\SeleniumTests\SeleniumShell\core\bootstrap.php on line 103
[28-Feb-2014 09:22:33 UTC] PHP Notice:  Use of undefined constant PROJECTS_FOLDER - assumed 'PROJECTS_FOLDER' in C:\SeleniumTests\SeleniumShell\core\bootstrap.php on line 33
[28-Feb-2014 09:22:33 UTC] PHP Warning:  require_once(\Autoload.php): failed to open stream: No such file or directory in C:\SeleniumTests\SeleniumShell\core\bootstrap.php on line 103
[28-Feb-2014 09:22:33 UTC] PHP Fatal error:  require_once(): Failed opening required '\Autoload.php' (include_path='.;C:\php\pear') in C:\SeleniumTests\SeleniumShell\core\bootstrap.php on line 103
[28-Feb-2014 09:22:41 UTC] PHP Notice:  Use of undefined constant PROJECTS_FOLDER - assumed 'PROJECTS_FOLDER' in C:\SeleniumTests\SeleniumShell\core\bootstrap.php on line 33
[28-Feb-2014 09:22:41 UTC] PHP Warning:  parse_ini_file(C:\SeleniumTests\projects\nbproject\config\project.ini): failed to open stream: No such file or directory in C:\SeleniumTests\SeleniumShell\core\src\handlers\ConfigHandler.php on line 46
[28-Feb-2014 09:22:41 UTC] PHP Warning:  scandir(C:\SeleniumTests\projects\nbproject\testsuits,C:\SeleniumTests\projects\nbproject\testsuits): The system cannot find the file specified. (code: 2) in C:\SeleniumTests\SeleniumShell\core\utils\FileScanners\FileScanner.php on line 19
[28-Feb-2014 09:22:41 UTC] PHP Warning:  scandir(C:\SeleniumTests\projects\nbproject\testsuits): failed to open dir: No such file or directory in C:\SeleniumTests\SeleniumShell\core\utils\FileScanners\FileScanner.php on line 19
[28-Feb-2014 09:22:41 UTC] PHP Warning:  scandir(): (errno 2): No such file or directory in C:\SeleniumTests\SeleniumShell\core\utils\FileScanners\FileScanner.php on line 19
[28-Feb-2014 09:22:41 UTC] PHP Warning:  array_key_exists() expects parameter 2 to be array, boolean given in C:\SeleniumTests\SeleniumShell\core\src\handlers\ConfigHandler.php on line 56
[28-Feb-2014 09:22:41 UTC] PHP Warning:  Invalid argument supplied for foreach() in C:\SeleniumTests\SeleniumShell\core\utils\FileIncluders\TestFileIncluder.php on line 23
[28-Feb-2014 09:22:41 UTC] PHP Notice:  Undefined index: browserName in C:\php\pear\PHPUnit\Extensions\Selenium2TestCase.php on line 394
[28-Feb-2014 09:23:05 UTC] PHP Notice:  Use of undefined constant PROJECTS_FOLDER - assumed 'PROJECTS_FOLDER' in C:\SeleniumTests\SeleniumShell\core\bootstrap.php on line 33
[28-Feb-2014 09:23:05 UTC] PHP Warning:  require_once(\Autoload.php): failed to open stream: No such file or directory in C:\SeleniumTests\SeleniumShell\core\bootstrap.php on line 103
[28-Feb-2014 09:23:05 UTC] PHP Fatal error:  require_once(): Failed opening required '\Autoload.php' (include_path='.;C:\php\pear') in C:\SeleniumTests\SeleniumShell\core\bootstrap.php on line 103
[28-Feb-2014 09:23:26 UTC] PHP Notice:  Use of undefined constant PROJECTS_FOLDER - assumed 'PROJECTS_FOLDER' in C:\SeleniumTests\SeleniumShell\core\bootstrap.php on line 33
[28-Feb-2014 09:23:26 UTC] PHP Warning:  parse_ini_file(C:\SeleniumTests\projects\nbproject\config\project.ini): failed to open stream: No such file or directory in C:\SeleniumTests\SeleniumShell\core\src\handlers\ConfigHandler.php on line 46
[28-Feb-2014 09:23:26 UTC] PHP Warning:  scandir(C:\SeleniumTests\projects\nbproject\testsuits,C:\SeleniumTests\projects\nbproject\testsuits): The system cannot find the file specified. (code: 2) in C:\SeleniumTests\SeleniumShell\core\utils\FileScanners\FileScanner.php on line 19
[28-Feb-2014 09:23:26 UTC] PHP Warning:  scandir(C:\SeleniumTests\projects\nbproject\testsuits): failed to open dir: No such file or directory in C:\SeleniumTests\SeleniumShell\core\utils\FileScanners\FileScanner.php on line 19
[28-Feb-2014 09:23:26 UTC] PHP Warning:  scandir(): (errno 2): No such file or directory in C:\SeleniumTests\SeleniumShell\core\utils\FileScanners\FileScanner.php on line 19
[28-Feb-2014 09:23:26 UTC] PHP Warning:  array_key_exists() expects parameter 2 to be array, boolean given in C:\SeleniumTests\SeleniumShell\core\src\handlers\ConfigHandler.php on line 56
[28-Feb-2014 09:23:26 UTC] PHP Warning:  Invalid argument supplied for foreach() in C:\SeleniumTests\SeleniumShell\core\utils\FileIncluders\TestFileIncluder.php on line 23
[28-Feb-2014 09:23:26 UTC] PHP Notice:  Undefined index: browserName in C:\php\pear\PHPUnit\Extensions\Selenium2TestCase.php on line 394
[28-Feb-2014 09:24:02 UTC] PHP Notice:  Use of undefined constant PROJECTS_FOLDER - assumed 'PROJECTS_FOLDER' in C:\SeleniumTests\SeleniumShell\core\bootstrap.php on line 33
[28-Feb-2014 09:24:02 UTC] PHP Warning:  parse_ini_file(C:\SeleniumTests\projects\nbproject\config\project.ini): failed to open stream: No such file or directory in C:\SeleniumTests\SeleniumShell\core\src\handlers\ConfigHandler.php on line 46
[28-Feb-2014 09:24:02 UTC] PHP Warning:  scandir(C:\SeleniumTests\projects\nbproject\testsuits,C:\SeleniumTests\projects\nbproject\testsuits): The system cannot find the file specified. (code: 2) in C:\SeleniumTests\SeleniumShell\core\utils\FileScanners\FileScanner.php on line 19
[28-Feb-2014 09:24:02 UTC] PHP Warning:  scandir(C:\SeleniumTests\projects\nbproject\testsuits): failed to open dir: No such file or directory in C:\SeleniumTests\SeleniumShell\core\utils\FileScanners\FileScanner.php on line 19
[28-Feb-2014 09:24:02 UTC] PHP Warning:  scandir(): (errno 2): No such file or directory in C:\SeleniumTests\SeleniumShell\core\utils\FileScanners\FileScanner.php on line 19
[28-Feb-2014 09:24:02 UTC] PHP Warning:  array_key_exists() expects parameter 2 to be array, boolean given in C:\SeleniumTests\SeleniumShell\core\src\handlers\ConfigHandler.php on line 56
[28-Feb-2014 09:24:02 UTC] PHP Warning:  Invalid argument supplied for foreach() in C:\SeleniumTests\SeleniumShell\core\utils\FileIncluders\TestFileIncluder.php on line 23
[28-Feb-2014 09:24:02 UTC] PHP Notice:  Undefined index: browserName in C:\php\pear\PHPUnit\Extensions\Selenium2TestCase.php on line 394
[28-Feb-2014 09:25:14 UTC] PHP Notice:  Use of undefined constant PROJECTS_FOLDER - assumed 'PROJECTS_FOLDER' in C:\SeleniumTests\SeleniumShell\core\bootstrap.php on line 33
[28-Feb-2014 09:25:14 UTC] PHP Notice:  Undefined index: browserName in C:\php\pear\PHPUnit\Extensions\Selenium2TestCase.php on line 394
[28-Feb-2014 09:25:21 UTC] PHP Notice:  Use of undefined constant PROJECTS_FOLDER - assumed 'PROJECTS_FOLDER' in C:\SeleniumTests\SeleniumShell\core\bootstrap.php on line 33
[28-Feb-2014 09:25:21 UTC] PHP Notice:  Undefined index: browserName in C:\php\pear\PHPUnit\Extensions\Selenium2TestCase.php on line 394
[28-Feb-2014 14:26:13 UTC] PHP Notice:  Use of undefined constant PROJECTS_FOLDER - assumed 'PROJECTS_FOLDER' in C:\SeleniumTests\SeleniumShell\core\bootstrap.php on line 33
[28-Feb-2014 14:26:13 UTC] PHP Notice:  Undefined index: browserName in C:\php\pear\PHPUnit\Extensions\Selenium2TestCase.php on line 394
[28-Feb-2014 14:26:13 UTC] PHP Notice:  Undefined index: browserName in C:\php\pear\PHPUnit\Extensions\Selenium2TestCase.php on line 394
[28-Feb-2014 14:26:42 UTC] PHP Notice:  Use of undefined constant PROJECTS_FOLDER - assumed 'PROJECTS_FOLDER' in C:\SeleniumTests\SeleniumShell\core\bootstrap.php on line 33
[28-Feb-2014 14:26:42 UTC] PHP Notice:  Undefined index: browserName in C:\php\pear\PHPUnit\Extensions\Selenium2TestCase.php on line 394
[28-Feb-2014 14:26:42 UTC] PHP Notice:  Undefined index: browserName in C:\php\pear\PHPUnit\Extensions\Selenium2TestCase.php on line 394
[03-Mar-2014 08:31:11 UTC] PHP Notice:  Use of undefined constant PROJECTS_FOLDER - assumed 'PROJECTS_FOLDER' in C:\SeleniumTests\SeleniumShell\core\bootstrap.php on line 33
[03-Mar-2014 08:31:11 UTC] PHP Warning:  scandir(C:\SeleniumTests\SeleniumShell\core\generated\testsuites\,C:\SeleniumTests\SeleniumShell\core\generated\testsuites\): The system cannot find the file specified. (code: 2) in C:\SeleniumTests\SeleniumShell\core\utils\FileScanners\FileScanner.php on line 19
[03-Mar-2014 08:31:11 UTC] PHP Warning:  scandir(C:\SeleniumTests\SeleniumShell\core\generated\testsuites\): failed to open dir: No such file or directory in C:\SeleniumTests\SeleniumShell\core\utils\FileScanners\FileScanner.php on line 19
[03-Mar-2014 08:31:11 UTC] PHP Warning:  scandir(): (errno 2): No such file or directory in C:\SeleniumTests\SeleniumShell\core\utils\FileScanners\FileScanner.php on line 19
[03-Mar-2014 08:31:11 UTC] PHP Warning:  scandir(C:\SeleniumTests\SeleniumShell\core\generated\testsuites\,C:\SeleniumTests\SeleniumShell\core\generated\testsuites\): The system cannot find the file specified. (code: 2) in C:\SeleniumTests\SeleniumShell\core\utils\FileScanners\FileScanner.php on line 19
[03-Mar-2014 08:31:11 UTC] PHP Warning:  scandir(C:\SeleniumTests\SeleniumShell\core\generated\testsuites\): failed to open dir: No such file or directory in C:\SeleniumTests\SeleniumShell\core\utils\FileScanners\FileScanner.php on line 19
[03-Mar-2014 08:31:11 UTC] PHP Warning:  scandir(): (errno 2): No such file or directory in C:\SeleniumTests\SeleniumShell\core\utils\FileScanners\FileScanner.php on line 19
[03-Mar-2014 08:31:11 UTC] PHP Warning:  mkdir(): No such file or directory in C:\SeleniumTests\SeleniumShell\core\utils\ClassHelpers\TestClassRecreator.php on line 41
[03-Mar-2014 08:31:11 UTC] PHP Warning:  file_put_contents(C:\SeleniumTests\SeleniumShell\core\generated\testsuites\eLeads\eLeadsiexploreEleadsAdministratorTest.php): failed to open stream: No such file or directory in C:\SeleniumTests\SeleniumShell\core\utils\ClassHelpers\TestClassRecreator.php on line 72
[03-Mar-2014 08:31:11 UTC] PHP Warning:  file_put_contents(C:\SeleniumTests\SeleniumShell\core\generated\testsuites\eLeads\eLeadschromeEleadsAdministratorTest.php): failed to open stream: No such file or directory in C:\SeleniumTests\SeleniumShell\core\utils\ClassHelpers\TestClassRecreator.php on line 72
[03-Mar-2014 08:31:11 UTC] PHP Warning:  filetype(): Lstat failed for C:\SeleniumTests\SeleniumShell\core\generated\testsuites\ in C:\SeleniumTests\SeleniumShell\core\utils\FileIncluders\FileIncluder.php on line 27
[03-Mar-2014 08:31:11 UTC] PHP Warning:  filetype(): Lstat failed for C:\SeleniumTests\SeleniumShell\core\generated\testsuites\ in C:\SeleniumTests\SeleniumShell\core\utils\FileIncluders\FileIncluder.php on line 31
[03-Mar-2014 08:31:11 UTC] PHP Fatal error:  Uncaught exception 'Exception' with message 'The following path is not a dir: C:\SeleniumTests\SeleniumShell\core\generated\testsuites\ it is read a an: ' in C:\SeleniumTests\SeleniumShell\core\utils\FileIncluders\FileIncluder.php:31
Stack trace:
#0 C:\SeleniumTests\SeleniumShell\core\utils\FileIncluders\FileIncluder.php(19): FileIncluder->_setDir('C:\SeleniumTest...')
#1 C:\SeleniumTests\SeleniumShell\core\utils\FileIncluders\TestFileIncluder.php(11): FileIncluder->__construct('C:\SeleniumTest...')
#2 C:\SeleniumTests\SeleniumShell\core\src\Project.php(132): TestFileIncluder->__construct('C:\SeleniumTest...')
#3 C:\SeleniumTests\SeleniumShell\core\src\Project.php(29): Project->_prepareProjectsTestClassNamesForSuite()
#4 C:\SeleniumTests\SeleniumShell\core\src\Application.php(51): Project->__construct('eLeads')
#5 C:\SeleniumTests\SeleniumShell\core\src\Application.php(16): Application->_initializeProjects()
#6 C:\SeleniumTests\SeleniumShell\core\SeleniumShell.php(60): Application->__construct()
#7 [internal  in C:\SeleniumTests\SeleniumShell\core\utils\FileIncluders\FileIncluder.php on line 31
[03-Mar-2014 08:32:33 UTC] PHP Notice:  Use of undefined constant PROJECTS_FOLDER - assumed 'PROJECTS_FOLDER' in C:\SeleniumTests\SeleniumShell\core\bootstrap.php on line 33
[03-Mar-2014 08:32:33 UTC] PHP Notice:  Undefined index: browserName in C:\php\pear\PHPUnit\Extensions\Selenium2TestCase.php on line 394
[03-Mar-2014 08:32:33 UTC] PHP Notice:  Undefined index: browserName in C:\php\pear\PHPUnit\Extensions\Selenium2TestCase.php on line 394
[03-Mar-2014 08:45:14 UTC] PHP Notice:  Use of undefined constant PROJECTS_FOLDER - assumed 'PROJECTS_FOLDER' in C:\SeleniumTests\SeleniumShell\core\bootstrap.php on line 33
[03-Mar-2014 08:45:14 UTC] PHP Notice:  Undefined index: browserName in C:\php\pear\PHPUnit\Extensions\Selenium2TestCase.php on line 394
[03-Mar-2014 08:45:14 UTC] PHP Notice:  Undefined index: browserName in C:\php\pear\PHPUnit\Extensions\Selenium2TestCase.php on line 394
[03-Mar-2014 09:51:43 UTC] PHP Notice:  Use of undefined constant PROJECTS_FOLDER - assumed 'PROJECTS_FOLDER' in C:\SeleniumTests\SeleniumShell\core\bootstrap.php on line 33
[03-Mar-2014 09:51:43 UTC] PHP Notice:  Undefined index: browserName in C:\php\pear\PHPUnit\Extensions\Selenium2TestCase.php on line 394
[03-Mar-2014 09:51:43 UTC] PHP Notice:  Undefined index: browserName in C:\php\pear\PHPUnit\Extensions\Selenium2TestCase.php on line 394
[03-Mar-2014 09:51:43 UTC] PHP Fatal error:  Call to undefined method Application::_setEnvironmentConstant() in C:\SeleniumTests\SeleniumShell\core\src\Application.php on line 18
[03-Mar-2014 09:52:41 UTC] PHP Notice:  Use of undefined constant PROJECTS_FOLDER - assumed 'PROJECTS_FOLDER' in C:\SeleniumTests\SeleniumShell\core\bootstrap.php on line 33
[03-Mar-2014 09:52:41 UTC] PHP Notice:  Undefined index: browserName in C:\php\pear\PHPUnit\Extensions\Selenium2TestCase.php on line 394
[03-Mar-2014 09:52:41 UTC] PHP Notice:  Undefined index: browserName in C:\php\pear\PHPUnit\Extensions\Selenium2TestCase.php on line 394
[03-Mar-2014 09:52:41 UTC] PHP Notice:  Use of undefined constant SS_ENVIRONMENT - assumed 'SS_ENVIRONMENT' in C:\SeleniumTests\SeleniumShell\core\src\Application.php on line 76
